<?xml version="1.0" encoding="UTF-8"?>
<testng-results skipped="0" failed="0" ignored="0" total="1" passed="1">
  <reporter-output>
  </reporter-output>
  <suite name="WebDriver" duration-ms="15557" started-at="2020-02-11T03:56:33Z" finished-at="2020-02-11T03:56:48Z">
    <groups>
    </groups>
    <test name="Test" duration-ms="15557" started-at="2020-02-11T03:56:33Z" finished-at="2020-02-11T03:56:48Z">
      <class name="TestNG.addbook">
        <test-method status="PASS" signature="launch()[pri:0, instance:TestNG.addbook@28d25987]" name="launch" is-config="true" duration-ms="7212" started-at="2020-02-11T03:56:33Z" finished-at="2020-02-11T03:56:40Z">
          <reporter-output>
          </reporter-output>
        </test-method> <!-- launch -->
        <test-method status="PASS" signature="verfiy()[pri:0, instance:TestNG.addbook@28d25987]" name="verfiy" duration-ms="3695" started-at="2020-02-11T03:56:40Z" finished-at="2020-02-11T03:56:44Z">
          <reporter-output>
          </reporter-output>
        </test-method> <!-- verfiy -->
        <test-method status="PASS" signature="close()[pri:0, instance:TestNG.addbook@28d25987]" name="close" is-config="true" duration-ms="4588" started-at="2020-02-11T03:56:44Z" finished-at="2020-02-11T03:56:48Z">
          <reporter-output>
          </reporter-output>
        </test-method> <!-- close -->
      </class> <!-- TestNG.addbook -->
    </test> <!-- Test -->
  </suite> <!-- WebDriver -->
</testng-results>
